<?xml version="1.0" encoding="UTF-8"?>
<testng-results ignored="28" total="29" passed="0" failed="1" skipped="0">
  <reporter-output>
  </reporter-output>
  <suite started-at="2022-09-20T17:33:04 IST" name="Default suite" finished-at="2022-09-20T17:34:41 IST" duration-ms="96313">
    <groups>
    </groups>
    <test started-at="2022-09-20T17:33:04 IST" name="Default test" finished-at="2022-09-20T17:34:41 IST" duration-ms="96313">
      <class name="com.vtechsolution.automationpractice.TestCases.TestCase_File2">
        <test-method is-config="true" signature="SetupChrome()[pri:0, instance:com.vtechsolution.automationpractice.TestCases.TestCase_File2@1c7696c6]" started-at="2022-09-20T17:33:04 IST" name="SetupChrome" finished-at="2022-09-20T17:34:37 IST" duration-ms="92647" status="PASS">
          <reporter-output>
          </reporter-output>
        </test-method> <!-- SetupChrome -->
        <test-method signature="clickonShortSleeveimg1_37()[pri:39, instance:com.vtechsolution.automationpractice.TestCases.TestCase_File2@1c7696c6]" started-at="2022-09-20T17:34:37 IST" name="clickonShortSleeveimg1_37" finished-at="2022-09-20T17:34:37 IST" duration-ms="394" status="FAIL">
          <exception class="java.lang.AssertionError">
            <message>
              <![CDATA[expected [true] but found [false]]]>
            </message>
            <full-stacktrace>
              <![CDATA[java.lang.AssertionError: expected [true] but found [false]
at org.testng.Assert.fail(Assert.java:110)
at org.testng.Assert.failNotEquals(Assert.java:1413)
at org.testng.Assert.assertTrue(Assert.java:56)
at org.testng.Assert.assertTrue(Assert.java:66)
at com.vtechsolution.automationpractice.TestCases.TestCase_File2.clickonShortSleeveimg1_37(TestCase_File2.java:161)
at java.base/jdk.internal.reflect.DirectMethodHandleAccessor.invoke(DirectMethodHandleAccessor.java:104)
at java.base/java.lang.reflect.Method.invoke(Method.java:577)
at org.testng.internal.invokers.MethodInvocationHelper.invokeMethod(MethodInvocationHelper.java:139)
at org.testng.internal.invokers.TestInvoker.invokeMethod(TestInvoker.java:677)
at org.testng.internal.invokers.TestInvoker.invokeTestMethod(TestInvoker.java:221)
at org.testng.internal.invokers.MethodRunner.runInSequence(MethodRunner.java:50)
at org.testng.internal.invokers.TestInvoker$MethodInvocationAgent.invoke(TestInvoker.java:962)
at org.testng.internal.invokers.TestInvoker.invokeTestMethods(TestInvoker.java:194)
at org.testng.internal.invokers.TestMethodWorker.invokeTestMethods(TestMethodWorker.java:148)
at org.testng.internal.invokers.TestMethodWorker.run(TestMethodWorker.java:128)
at java.base/java.util.ArrayList.forEach(ArrayList.java:1511)
at org.testng.TestRunner.privateRun(TestRunner.java:806)
at org.testng.TestRunner.run(TestRunner.java:601)
at org.testng.SuiteRunner.runTest(SuiteRunner.java:433)
at org.testng.SuiteRunner.runSequentially(SuiteRunner.java:427)
at org.testng.SuiteRunner.privateRun(SuiteRunner.java:387)
at org.testng.SuiteRunner.run(SuiteRunner.java:330)
at org.testng.SuiteRunnerWorker.runSuite(SuiteRunnerWorker.java:52)
at org.testng.SuiteRunnerWorker.run(SuiteRunnerWorker.java:95)
at org.testng.TestNG.runSuitesSequentially(TestNG.java:1256)
at org.testng.TestNG.runSuitesLocally(TestNG.java:1176)
at org.testng.TestNG.runSuites(TestNG.java:1099)
at org.testng.TestNG.run(TestNG.java:1067)
at org.testng.remote.AbstractRemoteTestNG.run(AbstractRemoteTestNG.java:115)
at org.testng.remote.RemoteTestNG.initAndRun(RemoteTestNG.java:251)
at org.testng.remote.RemoteTestNG.main(RemoteTestNG.java:77)
]]>
            </full-stacktrace>
          </exception> <!-- java.lang.AssertionError -->
          <reporter-output>
          </reporter-output>
        </test-method> <!-- clickonShortSleeveimg1_37 -->
        <test-method is-config="true" signature="CloseBrowser()[pri:0, instance:com.vtechsolution.automationpractice.TestCases.TestCase_File2@1c7696c6]" started-at="2022-09-20T17:34:37 IST" name="CloseBrowser" finished-at="2022-09-20T17:34:41 IST" duration-ms="3141" status="PASS">
          <reporter-output>
          </reporter-output>
        </test-method> <!-- CloseBrowser -->
      </class> <!-- com.vtechsolution.automationpractice.TestCases.TestCase_File2 -->
    </test> <!-- Default test -->
  </suite> <!-- Default suite -->
</testng-results>
