<?xml version="1.0" encoding="UTF-8"?>
<!-- Generated by org.testng.reporters.JUnitXMLReporter -->
<testsuite ignored="28" hostname="DESKTOP-I35D3F1" failures="1" tests="1" name="Default test" time="96.313" errors="0" timestamp="2022-09-20T17:34:41 IST">
  <testcase classname="com.vtechsolution.automationpractice.TestCases.TestCase_File2" name="clickonShortSleeveimg1_37" time="0.394">
    <failure type="java.lang.AssertionError" message="expected [true] but found [false]">
      <![CDATA[java.lang.AssertionError: expected [true] but found [false]
at org.testng.Assert.fail(Assert.java:110)
at org.testng.Assert.failNotEquals(Assert.java:1413)
at org.testng.Assert.assertTrue(Assert.java:56)
at org.testng.Assert.assertTrue(Assert.java:66)
at com.vtechsolution.automationpractice.TestCases.TestCase_File2.clickonShortSleeveimg1_37(TestCase_File2.java:161)
at java.base/jdk.internal.reflect.DirectMethodHandleAccessor.invoke(DirectMethodHandleAccessor.java:104)
at java.base/java.lang.reflect.Method.invoke(Method.java:577)
at org.testng.internal.invokers.MethodInvocationHelper.invokeMethod(MethodInvocationHelper.java:139)
at org.testng.internal.invokers.TestInvoker.invokeMethod(TestInvoker.java:677)
at org.testng.internal.invokers.TestInvoker.invokeTestMethod(TestInvoker.java:221)
at org.testng.internal.invokers.MethodRunner.runInSequence(MethodRunner.java:50)
at org.testng.internal.invokers.TestInvoker$MethodInvocationAgent.invoke(TestInvoker.java:962)
at org.testng.internal.invokers.TestInvoker.invokeTestMethods(TestInvoker.java:194)
at org.testng.internal.invokers.TestMethodWorker.invokeTestMethods(TestMethodWorker.java:148)
at org.testng.internal.invokers.TestMethodWorker.run(TestMethodWorker.java:128)
at java.base/java.util.ArrayList.forEach(ArrayList.java:1511)
at org.testng.TestRunner.privateRun(TestRunner.java:806)
at org.testng.TestRunner.run(TestRunner.java:601)
at org.testng.SuiteRunner.runTest(SuiteRunner.java:433)
at org.testng.SuiteRunner.runSequentially(SuiteRunner.java:427)
at org.testng.SuiteRunner.privateRun(SuiteRunner.java:387)
at org.testng.SuiteRunner.run(SuiteRunner.java:330)
at org.testng.SuiteRunnerWorker.runSuite(SuiteRunnerWorker.java:52)
at org.testng.SuiteRunnerWorker.run(SuiteRunnerWorker.java:95)
at org.testng.TestNG.runSuitesSequentially(TestNG.java:1256)
at org.testng.TestNG.runSuitesLocally(TestNG.java:1176)
at org.testng.TestNG.runSuites(TestNG.java:1099)
at org.testng.TestNG.run(TestNG.java:1067)
at org.testng.remote.AbstractRemoteTestNG.run(AbstractRemoteTestNG.java:115)
at org.testng.remote.RemoteTestNG.initAndRun(RemoteTestNG.java:251)
at org.testng.remote.RemoteTestNG.main(RemoteTestNG.java:77)
]]>
    </failure>
  </testcase> <!-- clickonShortSleeveimg1_37 -->
  <testcase classname="com.vtechsolution.automationpractice.TestCases.TestCase_File2" name="clickonQuickViewimg2Link_50" time="0.0">
    <ignored/>
  </testcase> <!-- clickonQuickViewimg2Link_50 -->
  <testcase classname="com.vtechsolution.automationpractice.TestCases.TestCase_File2" name="clickonAddToCartimg1Link_44" time="0.0">
    <ignored/>
  </testcase> <!-- clickonAddToCartimg1Link_44 -->
  <testcase classname="com.vtechsolution.automationpractice.TestCases.TestCase_File2" name="verifyBestSellersLink_34" time="0.0">
    <ignored/>
  </testcase> <!-- verifyBestSellersLink_34 -->
  <testcase classname="com.vtechsolution.automationpractice.TestCases.TestCase_File2" name="verifyShortSleeveimg1_36" time="0.0">
    <ignored/>
  </testcase> <!-- verifyShortSleeveimg1_36 -->
  <testcase classname="com.vtechsolution.automationpractice.TestCases.TestCase_File2" name="clickonMoreImg1Link_46" time="0.0">
    <ignored/>
  </testcase> <!-- clickonMoreImg1Link_46 -->
  <testcase classname="com.vtechsolution.automationpractice.TestCases.TestCase_File2" name="verifyPopularlinkText_33" time="0.0">
    <ignored/>
  </testcase> <!-- verifyPopularlinkText_33 -->
  <testcase classname="com.vtechsolution.automationpractice.TestCases.TestCase_File2" name="verifyWomenimg1_28" time="0.0">
    <ignored/>
  </testcase> <!-- verifyWomenimg1_28 -->
  <testcase classname="com.vtechsolution.automationpractice.TestCases.TestCase_File2" name="verifyTextofFadedShortSleeveTshirtsimg1_42" time="0.0">
    <ignored/>
  </testcase> <!-- verifyTextofFadedShortSleeveTshirtsimg1_42 -->
  <testcase classname="com.vtechsolution.automationpractice.TestCases.TestCase_File2" name="verifyQuickViewimg1_38" time="0.0">
    <ignored/>
  </testcase> <!-- verifyQuickViewimg1_38 -->
  <testcase classname="com.vtechsolution.automationpractice.TestCases.TestCase_File2" name="verifyMoreImg2Link_55" time="0.0">
    <ignored/>
  </testcase> <!-- verifyMoreImg2Link_55 -->
  <testcase classname="com.vtechsolution.automationpractice.TestCases.TestCase_File2" name="clickonFadedShortSleeveTshirtsimg1_41" time="0.0">
    <ignored/>
  </testcase> <!-- clickonFadedShortSleeveTshirtsimg1_41 -->
  <testcase classname="com.vtechsolution.automationpractice.TestCases.TestCase_File2" name="verifyBlouseTextLink_51" time="0.0">
    <ignored/>
  </testcase> <!-- verifyBlouseTextLink_51 -->
  <testcase classname="com.vtechsolution.automationpractice.TestCases.TestCase_File2" name="clickonMoreImg2Link_56" time="0.0">
    <ignored/>
  </testcase> <!-- clickonMoreImg2Link_56 -->
  <testcase classname="com.vtechsolution.automationpractice.TestCases.TestCase_File2" name="clickonAddtocartImg2Link_54" time="0.0">
    <ignored/>
  </testcase> <!-- clickonAddtocartImg2Link_54 -->
  <testcase classname="com.vtechsolution.automationpractice.TestCases.TestCase_File2" name="verifyBestSellarsText_35" time="0.0">
    <ignored/>
  </testcase> <!-- verifyBestSellarsText_35 -->
  <testcase classname="com.vtechsolution.automationpractice.TestCases.TestCase_File2" name="clickonQuickViewimg1_39" time="0.0">
    <ignored/>
  </testcase> <!-- clickonQuickViewimg1_39 -->
  <testcase classname="com.vtechsolution.automationpractice.TestCases.TestCase_File2" name="verifyTshirtsLink_30" time="0.0">
    <ignored/>
  </testcase> <!-- verifyTshirtsLink_30 -->
  <testcase classname="com.vtechsolution.automationpractice.TestCases.TestCase_File2" name="verifyWomenimg2_29" time="0.0">
    <ignored/>
  </testcase> <!-- verifyWomenimg2_29 -->
  <testcase classname="com.vtechsolution.automationpractice.TestCases.TestCase_File2" name="verifyBlouseimg2_47" time="0.0">
    <ignored/>
  </testcase> <!-- verifyBlouseimg2_47 -->
  <testcase classname="com.vtechsolution.automationpractice.TestCases.TestCase_File2" name="verifyFadedShortSleeveTshirtsimg1_40" time="0.0">
    <ignored/>
  </testcase> <!-- verifyFadedShortSleeveTshirtsimg1_40 -->
  <testcase classname="com.vtechsolution.automationpractice.TestCases.TestCase_File2" name="verifyPopularLink_32" time="0.0">
    <ignored/>
  </testcase> <!-- verifyPopularLink_32 -->
  <testcase classname="com.vtechsolution.automationpractice.TestCases.TestCase_File2" name="clickonBlouseTextLink_52" time="0.0">
    <ignored/>
  </testcase> <!-- clickonBlouseTextLink_52 -->
  <testcase classname="com.vtechsolution.automationpractice.TestCases.TestCase_File2" name="clickonBlouseimg2Link_48" time="0.0">
    <ignored/>
  </testcase> <!-- clickonBlouseimg2Link_48 -->
  <testcase classname="com.vtechsolution.automationpractice.TestCases.TestCase_File2" name="verifyAddtocartImg1Link_43" time="0.0">
    <ignored/>
  </testcase> <!-- verifyAddtocartImg1Link_43 -->
  <testcase classname="com.vtechsolution.automationpractice.TestCases.TestCase_File2" name="clickonTshirtslink_31" time="0.0">
    <ignored/>
  </testcase> <!-- clickonTshirtslink_31 -->
  <testcase classname="com.vtechsolution.automationpractice.TestCases.TestCase_File2" name="verifyMoreImg1Link_45" time="0.0">
    <ignored/>
  </testcase> <!-- verifyMoreImg1Link_45 -->
  <testcase classname="com.vtechsolution.automationpractice.TestCases.TestCase_File2" name="verifyQuickViewimg2_49" time="0.0">
    <ignored/>
  </testcase> <!-- verifyQuickViewimg2_49 -->
  <testcase classname="com.vtechsolution.automationpractice.TestCases.TestCase_File2" name="verifyAddtocartImg2Link_53" time="0.0">
    <ignored/>
  </testcase> <!-- verifyAddtocartImg2Link_53 -->
</testsuite> <!-- Default test -->
